{"/home/farai/Projects/devpleno/Semana2/convertmymoney/lib/api.bcb.js": {"path":"/home/farai/Projects/devpleno/Semana2/convertmymoney/lib/api.bcb.js","statementMap":{"0":{"start":{"line":1,"column":14},"end":{"line":1,"column":30}},"1":{"start":{"line":3,"column":15},"end":{"line":3,"column":228}},"2":{"start":{"line":3,"column":23},"end":{"line":3,"column":228}},"3":{"start":{"line":4,"column":19},"end":{"line":4,"column":40}},"4":{"start":{"line":4,"column":26},"end":{"line":4,"column":40}},"5":{"start":{"line":5,"column":20},"end":{"line":5,"column":57}},"6":{"start":{"line":5,"column":27},"end":{"line":5,"column":57}},"7":{"start":{"line":8,"column":17},"end":{"line":11,"column":1}},"8":{"start":{"line":9,"column":18},"end":{"line":9,"column":28}},"9":{"start":{"line":10,"column":4},"end":{"line":10,"column":83}},"10":{"start":{"line":12,"column":16},"end":{"line":23,"column":1}},"11":{"start":{"line":12,"column":66},"end":{"line":23,"column":1}},"12":{"start":{"line":13,"column":4},"end":{"line":21,"column":5}},"13":{"start":{"line":14,"column":22},"end":{"line":14,"column":32}},"14":{"start":{"line":15,"column":20},"end":{"line":15,"column":33}},"15":{"start":{"line":16,"column":20},"end":{"line":16,"column":41}},"16":{"start":{"line":17,"column":21},"end":{"line":17,"column":37}},"17":{"start":{"line":18,"column":8},"end":{"line":18,"column":19}},"18":{"start":{"line":20,"column":8},"end":{"line":20,"column":17}},"19":{"start":{"line":25,"column":0},"end":{"line":34,"column":1}}},"fnMap":{"0":{"name":"(anonymous_0)","decl":{"start":{"line":3,"column":15},"end":{"line":3,"column":16}},"loc":{"start":{"line":3,"column":23},"end":{"line":3,"column":228}},"line":3},"1":{"name":"(anonymous_1)","decl":{"start":{"line":4,"column":19},"end":{"line":4,"column":20}},"loc":{"start":{"line":4,"column":26},"end":{"line":4,"column":40}},"line":4},"2":{"name":"(anonymous_2)","decl":{"start":{"line":5,"column":20},"end":{"line":5,"column":21}},"loc":{"start":{"line":5,"column":27},"end":{"line":5,"column":57}},"line":5},"3":{"name":"(anonymous_3)","decl":{"start":{"line":8,"column":17},"end":{"line":8,"column":18}},"loc":{"start":{"line":8,"column":23},"end":{"line":11,"column":1}},"line":8},"4":{"name":"(anonymous_4)","decl":{"start":{"line":12,"column":16},"end":{"line":12,"column":17}},"loc":{"start":{"line":12,"column":66},"end":{"line":23,"column":1}},"line":12},"5":{"name":"(anonymous_5)","decl":{"start":{"line":12,"column":66},"end":{"line":12,"column":67}},"loc":{"start":{"line":12,"column":77},"end":{"line":23,"column":1}},"line":12}},"branchMap":{},"s":{"0":1,"1":1,"2":1,"3":1,"4":1,"5":1,"6":1,"7":1,"8":1,"9":1,"10":1,"11":3,"12":2,"13":2,"14":2,"15":2,"16":1,"17":1,"18":1,"19":1},"f":{"0":1,"1":1,"2":1,"3":1,"4":3,"5":2},"b":{},"_coverageSchema":"43e27e138ebf9cfc5966b082cf9a028302ed4184","hash":"a2b35a469a982826aeca2d3bd58b08d9e1df1df5"}
,"/home/farai/Projects/devpleno/Semana2/convertmymoney/lib/convert.js": {"path":"/home/farai/Projects/devpleno/Semana2/convertmymoney/lib/convert.js","statementMap":{"0":{"start":{"line":1,"column":17},"end":{"line":3,"column":1}},"1":{"start":{"line":2,"column":4},"end":{"line":2,"column":21}},"2":{"start":{"line":4,"column":16},"end":{"line":6,"column":1}},"3":{"start":{"line":5,"column":4},"end":{"line":5,"column":39}},"4":{"start":{"line":8,"column":0},"end":{"line":11,"column":1}}},"fnMap":{"0":{"name":"(anonymous_0)","decl":{"start":{"line":1,"column":17},"end":{"line":1,"column":18}},"loc":{"start":{"line":1,"column":32},"end":{"line":3,"column":1}},"line":1},"1":{"name":"(anonymous_1)","decl":{"start":{"line":4,"column":16},"end":{"line":4,"column":17}},"loc":{"start":{"line":4,"column":25},"end":{"line":6,"column":1}},"line":4}},"branchMap":{},"s":{"0":1,"1":2,"2":1,"3":2,"4":1},"f":{"0":2,"1":2},"b":{},"_coverageSchema":"43e27e138ebf9cfc5966b082cf9a028302ed4184","hash":"90ffc56de04b3da517bc73a50e6d2acb57ac80a0"}
}
